<?xml version="1.0" encoding="UTF-8"?>
<testng-results ignored="0" total="12" passed="8" failed="4" skipped="0">
  <reporter-output>
  </reporter-output>
  <suite started-at="2021-12-22T11:13:25 EET" name="Surefire suite" finished-at="2021-12-22T11:14:12 EET" duration-ms="47125">
    <groups>
    </groups>
    <test started-at="2021-12-22T11:13:25 EET" name="Surefire test" finished-at="2021-12-22T11:14:12 EET" duration-ms="47125">
      <class name="ui.SearchThreadTest">
        <test-method is-config="true" signature="initBrowserAndGetPage()[pri:0, instance:ui.SearchThreadTest@7dd00705]" started-at="2021-12-22T11:14:02 EET" name="initBrowserAndGetPage" finished-at="2021-12-22T11:14:05 EET" duration-ms="2333" status="PASS">
          <reporter-output>
          </reporter-output>
        </test-method> <!-- initBrowserAndGetPage -->
        <test-method signature="SearchTestNumber()[pri:0, instance:ui.SearchThreadTest@7dd00705]" started-at="2021-12-22T11:14:05 EET" name="SearchTestNumber" finished-at="2021-12-22T11:14:05 EET" duration-ms="253" status="PASS">
          <reporter-output>
          </reporter-output>
        </test-method> <!-- SearchTestNumber -->
        <test-method is-config="true" signature="screenshotAndQuitBrowser()[pri:0, instance:ui.SearchThreadTest@7dd00705]" started-at="2021-12-22T11:14:06 EET" name="screenshotAndQuitBrowser" finished-at="2021-12-22T11:14:07 EET" duration-ms="952" status="PASS">
          <reporter-output>
          </reporter-output>
        </test-method> <!-- screenshotAndQuitBrowser -->
        <test-method is-config="true" signature="initBrowserAndGetPage()[pri:0, instance:ui.SearchThreadTest@7dd00705]" started-at="2021-12-22T11:14:07 EET" name="initBrowserAndGetPage" finished-at="2021-12-22T11:14:09 EET" duration-ms="2288" status="PASS">
          <reporter-output>
          </reporter-output>
        </test-method> <!-- initBrowserAndGetPage -->
        <test-method signature="SearchTestString()[pri:0, instance:ui.SearchThreadTest@7dd00705]" started-at="2021-12-22T11:14:09 EET" name="SearchTestString" finished-at="2021-12-22T11:14:10 EET" duration-ms="1337" status="PASS">
          <reporter-output>
          </reporter-output>
        </test-method> <!-- SearchTestString -->
        <test-method is-config="true" signature="screenshotAndQuitBrowser()[pri:0, instance:ui.SearchThreadTest@7dd00705]" started-at="2021-12-22T11:14:11 EET" name="screenshotAndQuitBrowser" finished-at="2021-12-22T11:14:12 EET" duration-ms="907" status="PASS">
          <reporter-output>
          </reporter-output>
        </test-method> <!-- screenshotAndQuitBrowser -->
      </class> <!-- ui.SearchThreadTest -->
      <class name="ui.ArrowsTest">
        <test-method is-config="true" signature="initBrowserAndGetPage()[pri:0, instance:ui.ArrowsTest@3005db4a]" started-at="2021-12-22T11:13:27 EET" name="initBrowserAndGetPage" finished-at="2021-12-22T11:13:31 EET" duration-ms="4746" status="PASS">
          <reporter-output>
          </reporter-output>
        </test-method> <!-- initBrowserAndGetPage -->
        <test-method signature="tryRandomButton(java.lang.String)[pri:0, instance:ui.ArrowsTest@3005db4a]" started-at="2021-12-22T11:13:31 EET" name="tryRandomButton" data-provider="arrowsDataProvider" finished-at="2021-12-22T11:13:32 EET" duration-ms="287" status="PASS">
          <params>
            <param index="0">
              <value>
                <![CDATA[Up]]>
              </value>
            </param>
          </params>
          <reporter-output>
          </reporter-output>
        </test-method> <!-- tryRandomButton -->
        <test-method is-config="true" signature="screenshotAndQuitBrowser()[pri:0, instance:ui.ArrowsTest@3005db4a]" started-at="2021-12-22T11:13:33 EET" name="screenshotAndQuitBrowser" finished-at="2021-12-22T11:13:35 EET" duration-ms="1908" status="PASS">
          <reporter-output>
          </reporter-output>
        </test-method> <!-- screenshotAndQuitBrowser -->
        <test-method is-config="true" signature="initBrowserAndGetPage()[pri:0, instance:ui.ArrowsTest@3005db4a]" started-at="2021-12-22T11:13:35 EET" name="initBrowserAndGetPage" finished-at="2021-12-22T11:13:37 EET" duration-ms="2328" status="PASS">
          <reporter-output>
          </reporter-output>
        </test-method> <!-- initBrowserAndGetPage -->
        <test-method signature="tryRandomButton(java.lang.String)[pri:0, instance:ui.ArrowsTest@3005db4a]" started-at="2021-12-22T11:13:37 EET" name="tryRandomButton" data-provider="arrowsDataProvider" finished-at="2021-12-22T11:13:37 EET" duration-ms="184" status="PASS">
          <params>
            <param index="0">
              <value>
                <![CDATA[Down]]>
              </value>
            </param>
          </params>
          <reporter-output>
          </reporter-output>
        </test-method> <!-- tryRandomButton -->
        <test-method is-config="true" signature="screenshotAndQuitBrowser()[pri:0, instance:ui.ArrowsTest@3005db4a]" started-at="2021-12-22T11:13:38 EET" name="screenshotAndQuitBrowser" finished-at="2021-12-22T11:13:39 EET" duration-ms="942" status="PASS">
          <reporter-output>
          </reporter-output>
        </test-method> <!-- screenshotAndQuitBrowser -->
      </class> <!-- ui.ArrowsTest -->
      <class name="ui.RandomButtonsThreadTest">
        <test-method is-config="true" signature="initBrowserAndGetPage()[pri:0, instance:ui.RandomButtonsThreadTest@322803db]" started-at="2021-12-22T11:13:39 EET" name="initBrowserAndGetPage" finished-at="2021-12-22T11:13:42 EET" duration-ms="2272" status="PASS">
          <reporter-output>
          </reporter-output>
        </test-method> <!-- initBrowserAndGetPage -->
        <test-method signature="tryRandomButton(java.lang.String)[pri:0, instance:ui.RandomButtonsThreadTest@322803db]" started-at="2021-12-22T11:13:42 EET" name="tryRandomButton" data-provider="randomButtonsDataProvider" finished-at="2021-12-22T11:13:43 EET" duration-ms="1225" status="PASS">
          <params>
            <param index="0">
              <value>
                <![CDATA[Year]]>
              </value>
            </param>
          </params>
          <reporter-output>
          </reporter-output>
        </test-method> <!-- tryRandomButton -->
        <test-method is-config="true" signature="screenshotAndQuitBrowser()[pri:0, instance:ui.RandomButtonsThreadTest@322803db]" started-at="2021-12-22T11:13:44 EET" name="screenshotAndQuitBrowser" finished-at="2021-12-22T11:13:46 EET" duration-ms="1806" status="PASS">
          <reporter-output>
          </reporter-output>
        </test-method> <!-- screenshotAndQuitBrowser -->
        <test-method is-config="true" signature="initBrowserAndGetPage()[pri:0, instance:ui.RandomButtonsThreadTest@322803db]" started-at="2021-12-22T11:13:46 EET" name="initBrowserAndGetPage" finished-at="2021-12-22T11:13:48 EET" duration-ms="2280" status="PASS">
          <reporter-output>
          </reporter-output>
        </test-method> <!-- initBrowserAndGetPage -->
        <test-method signature="tryRandomButton(java.lang.String)[pri:0, instance:ui.RandomButtonsThreadTest@322803db]" started-at="2021-12-22T11:13:48 EET" name="tryRandomButton" data-provider="randomButtonsDataProvider" finished-at="2021-12-22T11:13:49 EET" duration-ms="1231" status="PASS">
          <params>
            <param index="0">
              <value>
                <![CDATA[Trivia]]>
              </value>
            </param>
          </params>
          <reporter-output>
          </reporter-output>
        </test-method> <!-- tryRandomButton -->
        <test-method is-config="true" signature="screenshotAndQuitBrowser()[pri:0, instance:ui.RandomButtonsThreadTest@322803db]" started-at="2021-12-22T11:13:50 EET" name="screenshotAndQuitBrowser" finished-at="2021-12-22T11:13:51 EET" duration-ms="859" status="PASS">
          <reporter-output>
          </reporter-output>
        </test-method> <!-- screenshotAndQuitBrowser -->
        <test-method is-config="true" signature="initBrowserAndGetPage()[pri:0, instance:ui.RandomButtonsThreadTest@322803db]" started-at="2021-12-22T11:13:51 EET" name="initBrowserAndGetPage" finished-at="2021-12-22T11:13:53 EET" duration-ms="2211" status="PASS">
          <reporter-output>
          </reporter-output>
        </test-method> <!-- initBrowserAndGetPage -->
        <test-method signature="tryRandomButton(java.lang.String)[pri:0, instance:ui.RandomButtonsThreadTest@322803db]" started-at="2021-12-22T11:13:53 EET" name="tryRandomButton" data-provider="randomButtonsDataProvider" finished-at="2021-12-22T11:13:54 EET" duration-ms="1211" status="PASS">
          <params>
            <param index="0">
              <value>
                <![CDATA[Math]]>
              </value>
            </param>
          </params>
          <reporter-output>
          </reporter-output>
        </test-method> <!-- tryRandomButton -->
        <test-method is-config="true" signature="screenshotAndQuitBrowser()[pri:0, instance:ui.RandomButtonsThreadTest@322803db]" started-at="2021-12-22T11:13:55 EET" name="screenshotAndQuitBrowser" finished-at="2021-12-22T11:13:57 EET" duration-ms="1857" status="PASS">
          <reporter-output>
          </reporter-output>
        </test-method> <!-- screenshotAndQuitBrowser -->
        <test-method is-config="true" signature="initBrowserAndGetPage()[pri:0, instance:ui.RandomButtonsThreadTest@322803db]" started-at="2021-12-22T11:13:57 EET" name="initBrowserAndGetPage" finished-at="2021-12-22T11:13:59 EET" duration-ms="2423" status="PASS">
          <reporter-output>
          </reporter-output>
        </test-method> <!-- initBrowserAndGetPage -->
        <test-method signature="tryRandomButton(java.lang.String)[pri:0, instance:ui.RandomButtonsThreadTest@322803db]" started-at="2021-12-22T11:13:59 EET" name="tryRandomButton" data-provider="randomButtonsDataProvider" finished-at="2021-12-22T11:14:01 EET" duration-ms="1221" status="PASS">
          <params>
            <param index="0">
              <value>
                <![CDATA[Date]]>
              </value>
            </param>
          </params>
          <reporter-output>
          </reporter-output>
        </test-method> <!-- tryRandomButton -->
        <test-method is-config="true" signature="screenshotAndQuitBrowser()[pri:0, instance:ui.RandomButtonsThreadTest@322803db]" started-at="2021-12-22T11:14:01 EET" name="screenshotAndQuitBrowser" finished-at="2021-12-22T11:14:02 EET" duration-ms="937" status="PASS">
          <reporter-output>
          </reporter-output>
        </test-method> <!-- screenshotAndQuitBrowser -->
      </class> <!-- ui.RandomButtonsThreadTest -->
      <class name="api.APITest">
        <test-method signature="test_FoundNumber()[pri:0, instance:api.APITest@bb095]" started-at="2021-12-22T11:13:25 EET" name="test_FoundNumber" finished-at="2021-12-22T11:13:26 EET" duration-ms="791" status="FAIL">
          <exception class="java.lang.RuntimeException">
            <message>
              <![CDATA[init driver first]]>
            </message>
            <full-stacktrace>
              <![CDATA[java.lang.RuntimeException: init driver first
at numbersApi.parallel_run.BrowserFactory.getDriver(BrowserFactory.java:20)
at numbersApi.allure.CustomAllureListener.onTestSuccess(CustomAllureListener.java:27)
at org.testng.internal.TestListenerHelper.runTestListeners(TestListenerHelper.java:100)
at org.testng.internal.TestInvoker.runTestResultListener(TestInvoker.java:219)
at org.testng.internal.TestInvoker.invokeMethod(TestInvoker.java:656)
at org.testng.internal.TestInvoker.invokeTestMethod(TestInvoker.java:173)
at org.testng.internal.MethodRunner.runInSequence(MethodRunner.java:46)
at org.testng.internal.TestInvoker$MethodInvocationAgent.invoke(TestInvoker.java:824)
at org.testng.internal.TestInvoker.invokeTestMethods(TestInvoker.java:146)
at org.testng.internal.TestMethodWorker.invokeTestMethods(TestMethodWorker.java:146)
at org.testng.internal.TestMethodWorker.run(TestMethodWorker.java:128)
at java.base/java.util.ArrayList.forEach(ArrayList.java:1511)
at org.testng.TestRunner.privateRun(TestRunner.java:794)
at org.testng.TestRunner.run(TestRunner.java:596)
at org.testng.SuiteRunner.runTest(SuiteRunner.java:377)
at org.testng.SuiteRunner.runSequentially(SuiteRunner.java:371)
at org.testng.SuiteRunner.privateRun(SuiteRunner.java:332)
at org.testng.SuiteRunner.run(SuiteRunner.java:276)
at org.testng.SuiteRunnerWorker.runSuite(SuiteRunnerWorker.java:53)
at org.testng.SuiteRunnerWorker.run(SuiteRunnerWorker.java:96)
at org.testng.TestNG.runSuitesSequentially(TestNG.java:1212)
at org.testng.TestNG.runSuitesLocally(TestNG.java:1134)
at org.testng.TestNG.runSuites(TestNG.java:1063)
at org.testng.TestNG.run(TestNG.java:1031)
at org.apache.maven.surefire.testng.TestNGExecutor.run(TestNGExecutor.java:135)
at org.apache.maven.surefire.testng.TestNGDirectoryTestSuite.executeMulti(TestNGDirectoryTestSuite.java:193)
at org.apache.maven.surefire.testng.TestNGDirectoryTestSuite.execute(TestNGDirectoryTestSuite.java:94)
at org.apache.maven.surefire.testng.TestNGProvider.invoke(TestNGProvider.java:146)
at org.apache.maven.surefire.booter.ForkedBooter.invokeProviderInSameClassLoader(ForkedBooter.java:384)
at org.apache.maven.surefire.booter.ForkedBooter.runSuitesInProcess(ForkedBooter.java:345)
at org.apache.maven.surefire.booter.ForkedBooter.execute(ForkedBooter.java:126)
at org.apache.maven.surefire.booter.ForkedBooter.main(ForkedBooter.java:418)
]]>
            </full-stacktrace>
          </exception> <!-- java.lang.RuntimeException -->
          <reporter-output>
          </reporter-output>
        </test-method> <!-- test_FoundNumber -->
        <test-method signature="test_RandomYear()[pri:0, instance:api.APITest@bb095]" started-at="2021-12-22T11:13:26 EET" name="test_RandomYear" finished-at="2021-12-22T11:13:26 EET" duration-ms="241" status="FAIL">
          <exception class="java.lang.RuntimeException">
            <message>
              <![CDATA[init driver first]]>
            </message>
            <full-stacktrace>
              <![CDATA[java.lang.RuntimeException: init driver first
at numbersApi.parallel_run.BrowserFactory.getDriver(BrowserFactory.java:20)
at numbersApi.allure.CustomAllureListener.onTestSuccess(CustomAllureListener.java:27)
at org.testng.internal.TestListenerHelper.runTestListeners(TestListenerHelper.java:100)
at org.testng.internal.TestInvoker.runTestResultListener(TestInvoker.java:219)
at org.testng.internal.TestInvoker.invokeMethod(TestInvoker.java:656)
at org.testng.internal.TestInvoker.invokeTestMethod(TestInvoker.java:173)
at org.testng.internal.MethodRunner.runInSequence(MethodRunner.java:46)
at org.testng.internal.TestInvoker$MethodInvocationAgent.invoke(TestInvoker.java:824)
at org.testng.internal.TestInvoker.invokeTestMethods(TestInvoker.java:146)
at org.testng.internal.TestMethodWorker.invokeTestMethods(TestMethodWorker.java:146)
at org.testng.internal.TestMethodWorker.run(TestMethodWorker.java:128)
at java.base/java.util.ArrayList.forEach(ArrayList.java:1511)
at org.testng.TestRunner.privateRun(TestRunner.java:794)
at org.testng.TestRunner.run(TestRunner.java:596)
at org.testng.SuiteRunner.runTest(SuiteRunner.java:377)
at org.testng.SuiteRunner.runSequentially(SuiteRunner.java:371)
at org.testng.SuiteRunner.privateRun(SuiteRunner.java:332)
at org.testng.SuiteRunner.run(SuiteRunner.java:276)
at org.testng.SuiteRunnerWorker.runSuite(SuiteRunnerWorker.java:53)
at org.testng.SuiteRunnerWorker.run(SuiteRunnerWorker.java:96)
at org.testng.TestNG.runSuitesSequentially(TestNG.java:1212)
at org.testng.TestNG.runSuitesLocally(TestNG.java:1134)
at org.testng.TestNG.runSuites(TestNG.java:1063)
at org.testng.TestNG.run(TestNG.java:1031)
at org.apache.maven.surefire.testng.TestNGExecutor.run(TestNGExecutor.java:135)
at org.apache.maven.surefire.testng.TestNGDirectoryTestSuite.executeMulti(TestNGDirectoryTestSuite.java:193)
at org.apache.maven.surefire.testng.TestNGDirectoryTestSuite.execute(TestNGDirectoryTestSuite.java:94)
at org.apache.maven.surefire.testng.TestNGProvider.invoke(TestNGProvider.java:146)
at org.apache.maven.surefire.booter.ForkedBooter.invokeProviderInSameClassLoader(ForkedBooter.java:384)
at org.apache.maven.surefire.booter.ForkedBooter.runSuitesInProcess(ForkedBooter.java:345)
at org.apache.maven.surefire.booter.ForkedBooter.execute(ForkedBooter.java:126)
at org.apache.maven.surefire.booter.ForkedBooter.main(ForkedBooter.java:418)
]]>
            </full-stacktrace>
          </exception> <!-- java.lang.RuntimeException -->
          <reporter-output>
          </reporter-output>
        </test-method> <!-- test_RandomYear -->
        <test-method signature="test_ResponseStatusCode(java.lang.String,int)[pri:0, instance:api.APITest@bb095]" started-at="2021-12-22T11:13:26 EET" name="test_ResponseStatusCode" data-provider="apiStatusCodeDataProvider" finished-at="2021-12-22T11:13:26 EET" duration-ms="258" status="FAIL">
          <exception class="java.lang.RuntimeException">
            <message>
              <![CDATA[init driver first]]>
            </message>
            <full-stacktrace>
              <![CDATA[java.lang.RuntimeException: init driver first
at numbersApi.parallel_run.BrowserFactory.getDriver(BrowserFactory.java:20)
at numbersApi.allure.CustomAllureListener.onTestSuccess(CustomAllureListener.java:27)
at org.testng.internal.TestListenerHelper.runTestListeners(TestListenerHelper.java:100)
at org.testng.internal.TestInvoker.runTestResultListener(TestInvoker.java:219)
at org.testng.internal.TestInvoker.invokeMethod(TestInvoker.java:656)
at org.testng.internal.TestInvoker.invokeTestMethod(TestInvoker.java:173)
at org.testng.internal.MethodRunner.runInSequence(MethodRunner.java:46)
at org.testng.internal.TestInvoker$MethodInvocationAgent.invoke(TestInvoker.java:824)
at org.testng.internal.TestInvoker.invokeTestMethods(TestInvoker.java:146)
at org.testng.internal.TestMethodWorker.invokeTestMethods(TestMethodWorker.java:146)
at org.testng.internal.TestMethodWorker.run(TestMethodWorker.java:128)
at java.base/java.util.ArrayList.forEach(ArrayList.java:1511)
at org.testng.TestRunner.privateRun(TestRunner.java:794)
at org.testng.TestRunner.run(TestRunner.java:596)
at org.testng.SuiteRunner.runTest(SuiteRunner.java:377)
at org.testng.SuiteRunner.runSequentially(SuiteRunner.java:371)
at org.testng.SuiteRunner.privateRun(SuiteRunner.java:332)
at org.testng.SuiteRunner.run(SuiteRunner.java:276)
at org.testng.SuiteRunnerWorker.runSuite(SuiteRunnerWorker.java:53)
at org.testng.SuiteRunnerWorker.run(SuiteRunnerWorker.java:96)
at org.testng.TestNG.runSuitesSequentially(TestNG.java:1212)
at org.testng.TestNG.runSuitesLocally(TestNG.java:1134)
at org.testng.TestNG.runSuites(TestNG.java:1063)
at org.testng.TestNG.run(TestNG.java:1031)
at org.apache.maven.surefire.testng.TestNGExecutor.run(TestNGExecutor.java:135)
at org.apache.maven.surefire.testng.TestNGDirectoryTestSuite.executeMulti(TestNGDirectoryTestSuite.java:193)
at org.apache.maven.surefire.testng.TestNGDirectoryTestSuite.execute(TestNGDirectoryTestSuite.java:94)
at org.apache.maven.surefire.testng.TestNGProvider.invoke(TestNGProvider.java:146)
at org.apache.maven.surefire.booter.ForkedBooter.invokeProviderInSameClassLoader(ForkedBooter.java:384)
at org.apache.maven.surefire.booter.ForkedBooter.runSuitesInProcess(ForkedBooter.java:345)
at org.apache.maven.surefire.booter.ForkedBooter.execute(ForkedBooter.java:126)
at org.apache.maven.surefire.booter.ForkedBooter.main(ForkedBooter.java:418)
]]>
            </full-stacktrace>
          </exception> <!-- java.lang.RuntimeException -->
          <reporter-output>
          </reporter-output>
        </test-method> <!-- test_ResponseStatusCode -->
        <test-method signature="test_textByNumberAndType()[pri:0, instance:api.APITest@bb095]" started-at="2021-12-22T11:13:26 EET" name="test_textByNumberAndType" finished-at="2021-12-22T11:13:27 EET" duration-ms="251" status="FAIL">
          <exception class="java.lang.RuntimeException">
            <message>
              <![CDATA[init driver first]]>
            </message>
            <full-stacktrace>
              <![CDATA[java.lang.RuntimeException: init driver first
at numbersApi.parallel_run.BrowserFactory.getDriver(BrowserFactory.java:20)
at numbersApi.allure.CustomAllureListener.onTestSuccess(CustomAllureListener.java:27)
at org.testng.internal.TestListenerHelper.runTestListeners(TestListenerHelper.java:100)
at org.testng.internal.TestInvoker.runTestResultListener(TestInvoker.java:219)
at org.testng.internal.TestInvoker.invokeMethod(TestInvoker.java:656)
at org.testng.internal.TestInvoker.invokeTestMethod(TestInvoker.java:173)
at org.testng.internal.MethodRunner.runInSequence(MethodRunner.java:46)
at org.testng.internal.TestInvoker$MethodInvocationAgent.invoke(TestInvoker.java:824)
at org.testng.internal.TestInvoker.invokeTestMethods(TestInvoker.java:146)
at org.testng.internal.TestMethodWorker.invokeTestMethods(TestMethodWorker.java:146)
at org.testng.internal.TestMethodWorker.run(TestMethodWorker.java:128)
at java.base/java.util.ArrayList.forEach(ArrayList.java:1511)
at org.testng.TestRunner.privateRun(TestRunner.java:794)
at org.testng.TestRunner.run(TestRunner.java:596)
at org.testng.SuiteRunner.runTest(SuiteRunner.java:377)
at org.testng.SuiteRunner.runSequentially(SuiteRunner.java:371)
at org.testng.SuiteRunner.privateRun(SuiteRunner.java:332)
at org.testng.SuiteRunner.run(SuiteRunner.java:276)
at org.testng.SuiteRunnerWorker.runSuite(SuiteRunnerWorker.java:53)
at org.testng.SuiteRunnerWorker.run(SuiteRunnerWorker.java:96)
at org.testng.TestNG.runSuitesSequentially(TestNG.java:1212)
at org.testng.TestNG.runSuitesLocally(TestNG.java:1134)
at org.testng.TestNG.runSuites(TestNG.java:1063)
at org.testng.TestNG.run(TestNG.java:1031)
at org.apache.maven.surefire.testng.TestNGExecutor.run(TestNGExecutor.java:135)
at org.apache.maven.surefire.testng.TestNGDirectoryTestSuite.executeMulti(TestNGDirectoryTestSuite.java:193)
at org.apache.maven.surefire.testng.TestNGDirectoryTestSuite.execute(TestNGDirectoryTestSuite.java:94)
at org.apache.maven.surefire.testng.TestNGProvider.invoke(TestNGProvider.java:146)
at org.apache.maven.surefire.booter.ForkedBooter.invokeProviderInSameClassLoader(ForkedBooter.java:384)
at org.apache.maven.surefire.booter.ForkedBooter.runSuitesInProcess(ForkedBooter.java:345)
at org.apache.maven.surefire.booter.ForkedBooter.execute(ForkedBooter.java:126)
at org.apache.maven.surefire.booter.ForkedBooter.main(ForkedBooter.java:418)
]]>
            </full-stacktrace>
          </exception> <!-- java.lang.RuntimeException -->
          <reporter-output>
          </reporter-output>
        </test-method> <!-- test_textByNumberAndType -->
      </class> <!-- api.APITest -->
    </test> <!-- Surefire test -->
  </suite> <!-- Surefire suite -->
</testng-results>
